D:\PROYECTOS SOUL.inc\NotariaSunarp\NotariaMaria\NotariaMaria\Content\js\face-api.js\build\commonjs\common\types.js
D:\PROYECTOS SOUL.inc\NotariaSunarp\NotariaMaria\NotariaMaria\Content\js\face-api.js\build\commonjs\common\types.js.map
D:\PROYECTOS SOUL.inc\NotariaSunarp\NotariaMaria\NotariaMaria\Content\js\face-api.js\build\commonjs\common\types.d.ts
D:\PROYECTOS SOUL.inc\NotariaSunarp\NotariaMaria\NotariaMaria\Content\js\face-api.js\build\commonjs\common\convLayer.js
D:\PROYECTOS SOUL.inc\NotariaSunarp\NotariaMaria\NotariaMaria\Content\js\face-api.js\build\commonjs\common\convLayer.js.map
D:\PROYECTOS SOUL.inc\NotariaSunarp\NotariaMaria\NotariaMaria\Content\js\face-api.js\build\commonjs\common\convLayer.d.ts
D:\PROYECTOS SOUL.inc\NotariaSunarp\NotariaMaria\NotariaMaria\Content\js\face-api.js\build\commonjs\common\depthwiseSeparableConv.js
D:\PROYECTOS SOUL.inc\NotariaSunarp\NotariaMaria\NotariaMaria\Content\js\face-api.js\build\commonjs\common\depthwiseSeparableConv.js.map
D:\PROYECTOS SOUL.inc\NotariaSunarp\NotariaMaria\NotariaMaria\Content\js\face-api.js\build\commonjs\common\depthwiseSeparableConv.d.ts
D:\PROYECTOS SOUL.inc\NotariaSunarp\NotariaMaria\NotariaMaria\Content\js\face-api.js\build\commonjs\common\disposeUnusedWeightTensors.js
D:\PROYECTOS SOUL.inc\NotariaSunarp\NotariaMaria\NotariaMaria\Content\js\face-api.js\build\commonjs\common\disposeUnusedWeightTensors.js.map
D:\PROYECTOS SOUL.inc\NotariaSunarp\NotariaMaria\NotariaMaria\Content\js\face-api.js\build\commonjs\common\disposeUnusedWeightTensors.d.ts
D:\PROYECTOS SOUL.inc\NotariaSunarp\NotariaMaria\NotariaMaria\Content\js\face-api.js\build\commonjs\common\extractConvParamsFactory.js
D:\PROYECTOS SOUL.inc\NotariaSunarp\NotariaMaria\NotariaMaria\Content\js\face-api.js\build\commonjs\common\extractConvParamsFactory.js.map
D:\PROYECTOS SOUL.inc\NotariaSunarp\NotariaMaria\NotariaMaria\Content\js\face-api.js\build\commonjs\common\extractConvParamsFactory.d.ts
D:\PROYECTOS SOUL.inc\NotariaSunarp\NotariaMaria\NotariaMaria\Content\js\face-api.js\build\commonjs\common\extractFCParamsFactory.js
D:\PROYECTOS SOUL.inc\NotariaSunarp\NotariaMaria\NotariaMaria\Content\js\face-api.js\build\commonjs\common\extractFCParamsFactory.js.map
D:\PROYECTOS SOUL.inc\NotariaSunarp\NotariaMaria\NotariaMaria\Content\js\face-api.js\build\commonjs\common\extractFCParamsFactory.d.ts
D:\PROYECTOS SOUL.inc\NotariaSunarp\NotariaMaria\NotariaMaria\Content\js\face-api.js\build\commonjs\common\extractSeparableConvParamsFactory.js
D:\PROYECTOS SOUL.inc\NotariaSunarp\NotariaMaria\NotariaMaria\Content\js\face-api.js\build\commonjs\common\extractSeparableConvParamsFactory.js.map
D:\PROYECTOS SOUL.inc\NotariaSunarp\NotariaMaria\NotariaMaria\Content\js\face-api.js\build\commonjs\common\extractSeparableConvParamsFactory.d.ts
D:\PROYECTOS SOUL.inc\NotariaSunarp\NotariaMaria\NotariaMaria\Content\js\face-api.js\build\commonjs\classes\Dimensions.js
D:\PROYECTOS SOUL.inc\NotariaSunarp\NotariaMaria\NotariaMaria\Content\js\face-api.js\build\commonjs\classes\Dimensions.js.map
D:\PROYECTOS SOUL.inc\NotariaSunarp\NotariaMaria\NotariaMaria\Content\js\face-api.js\build\commonjs\classes\Dimensions.d.ts
D:\PROYECTOS SOUL.inc\NotariaSunarp\NotariaMaria\NotariaMaria\Content\js\face-api.js\build\commonjs\classes\Point.js
D:\PROYECTOS SOUL.inc\NotariaSunarp\NotariaMaria\NotariaMaria\Content\js\face-api.js\build\commonjs\classes\Point.js.map
D:\PROYECTOS SOUL.inc\NotariaSunarp\NotariaMaria\NotariaMaria\Content\js\face-api.js\build\commonjs\classes\Point.d.ts
D:\PROYECTOS SOUL.inc\NotariaSunarp\NotariaMaria\NotariaMaria\Content\js\face-api.js\build\commonjs\classes\Rect.js
D:\PROYECTOS SOUL.inc\NotariaSunarp\NotariaMaria\NotariaMaria\Content\js\face-api.js\build\commonjs\classes\Rect.js.map
D:\PROYECTOS SOUL.inc\NotariaSunarp\NotariaMaria\NotariaMaria\Content\js\face-api.js\build\commonjs\classes\Rect.d.ts
D:\PROYECTOS SOUL.inc\NotariaSunarp\NotariaMaria\NotariaMaria\Content\js\face-api.js\build\commonjs\classes\Box.js
D:\PROYECTOS SOUL.inc\NotariaSunarp\NotariaMaria\NotariaMaria\Content\js\face-api.js\build\commonjs\classes\Box.js.map
D:\PROYECTOS SOUL.inc\NotariaSunarp\NotariaMaria\NotariaMaria\Content\js\face-api.js\build\commonjs\classes\Box.d.ts
D:\PROYECTOS SOUL.inc\NotariaSunarp\NotariaMaria\NotariaMaria\Content\js\face-api.js\build\commonjs\classes\BoundingBox.js
D:\PROYECTOS SOUL.inc\NotariaSunarp\NotariaMaria\NotariaMaria\Content\js\face-api.js\build\commonjs\classes\BoundingBox.js.map
D:\PROYECTOS SOUL.inc\NotariaSunarp\NotariaMaria\NotariaMaria\Content\js\face-api.js\build\commonjs\classes\BoundingBox.d.ts
D:\PROYECTOS SOUL.inc\NotariaSunarp\NotariaMaria\NotariaMaria\Content\js\face-api.js\build\commonjs\classes\ObjectDetection.js
D:\PROYECTOS SOUL.inc\NotariaSunarp\NotariaMaria\NotariaMaria\Content\js\face-api.js\build\commonjs\classes\ObjectDetection.js.map
D:\PROYECTOS SOUL.inc\NotariaSunarp\NotariaMaria\NotariaMaria\Content\js\face-api.js\build\commonjs\classes\ObjectDetection.d.ts
D:\PROYECTOS SOUL.inc\NotariaSunarp\NotariaMaria\NotariaMaria\Content\js\face-api.js\build\commonjs\classes\FaceDetection.js
D:\PROYECTOS SOUL.inc\NotariaSunarp\NotariaMaria\NotariaMaria\Content\js\face-api.js\build\commonjs\classes\FaceDetection.js.map
D:\PROYECTOS SOUL.inc\NotariaSunarp\NotariaMaria\NotariaMaria\Content\js\face-api.js\build\commonjs\classes\FaceDetection.d.ts
D:\PROYECTOS SOUL.inc\NotariaSunarp\NotariaMaria\NotariaMaria\Content\js\face-api.js\build\commonjs\ops\iou.js
D:\PROYECTOS SOUL.inc\NotariaSunarp\NotariaMaria\NotariaMaria\Content\js\face-api.js\build\commonjs\ops\iou.js.map
D:\PROYECTOS SOUL.inc\NotariaSunarp\NotariaMaria\NotariaMaria\Content\js\face-api.js\build\commonjs\ops\iou.d.ts
D:\PROYECTOS SOUL.inc\NotariaSunarp\NotariaMaria\NotariaMaria\Content\js\face-api.js\build\commonjs\ops\minBbox.js
D:\PROYECTOS SOUL.inc\NotariaSunarp\NotariaMaria\NotariaMaria\Content\js\face-api.js\build\commonjs\ops\minBbox.js.map
D:\PROYECTOS SOUL.inc\NotariaSunarp\NotariaMaria\NotariaMaria\Content\js\face-api.js\build\commonjs\ops\minBbox.d.ts
D:\PROYECTOS SOUL.inc\NotariaSunarp\NotariaMaria\NotariaMaria\Content\js\face-api.js\build\commonjs\ops\nonMaxSuppression.js
D:\PROYECTOS SOUL.inc\NotariaSunarp\NotariaMaria\NotariaMaria\Content\js\face-api.js\build\commonjs\ops\nonMaxSuppression.js.map
D:\PROYECTOS SOUL.inc\NotariaSunarp\NotariaMaria\NotariaMaria\Content\js\face-api.js\build\commonjs\ops\nonMaxSuppression.d.ts
D:\PROYECTOS SOUL.inc\NotariaSunarp\NotariaMaria\NotariaMaria\Content\js\face-api.js\build\commonjs\ops\normalize.js
D:\PROYECTOS SOUL.inc\NotariaSunarp\NotariaMaria\NotariaMaria\Content\js\face-api.js\build\commonjs\ops\normalize.js.map
D:\PROYECTOS SOUL.inc\NotariaSunarp\NotariaMaria\NotariaMaria\Content\js\face-api.js\build\commonjs\ops\normalize.d.ts
D:\PROYECTOS SOUL.inc\NotariaSunarp\NotariaMaria\NotariaMaria\Content\js\face-api.js\build\commonjs\ops\padToSquare.js
D:\PROYECTOS SOUL.inc\NotariaSunarp\NotariaMaria\NotariaMaria\Content\js\face-api.js\build\commonjs\ops\padToSquare.js.map
D:\PROYECTOS SOUL.inc\NotariaSunarp\NotariaMaria\NotariaMaria\Content\js\face-api.js\build\commonjs\ops\padToSquare.d.ts
D:\PROYECTOS SOUL.inc\NotariaSunarp\NotariaMaria\NotariaMaria\Content\js\face-api.js\build\commonjs\ops\shuffleArray.js
D:\PROYECTOS SOUL.inc\NotariaSunarp\NotariaMaria\NotariaMaria\Content\js\face-api.js\build\commonjs\ops\shuffleArray.js.map
D:\PROYECTOS SOUL.inc\NotariaSunarp\NotariaMaria\NotariaMaria\Content\js\face-api.js\build\commonjs\ops\shuffleArray.d.ts
D:\PROYECTOS SOUL.inc\NotariaSunarp\NotariaMaria\NotariaMaria\Content\js\face-api.js\build\commonjs\ops\index.js
D:\PROYECTOS SOUL.inc\NotariaSunarp\NotariaMaria\NotariaMaria\Content\js\face-api.js\build\commonjs\ops\index.js.map
D:\PROYECTOS SOUL.inc\NotariaSunarp\NotariaMaria\NotariaMaria\Content\js\face-api.js\build\commonjs\ops\index.d.ts
D:\PROYECTOS SOUL.inc\NotariaSunarp\NotariaMaria\NotariaMaria\Content\js\face-api.js\build\commonjs\classes\FaceLandmarks.js
D:\PROYECTOS SOUL.inc\NotariaSunarp\NotariaMaria\NotariaMaria\Content\js\face-api.js\build\commonjs\classes\FaceLandmarks.js.map
D:\PROYECTOS SOUL.inc\NotariaSunarp\NotariaMaria\NotariaMaria\Content\js\face-api.js\build\commonjs\classes\FaceLandmarks.d.ts
D:\PROYECTOS SOUL.inc\NotariaSunarp\NotariaMaria\NotariaMaria\Content\js\face-api.js\build\commonjs\classes\FaceLandmarks5.js
D:\PROYECTOS SOUL.inc\NotariaSunarp\NotariaMaria\NotariaMaria\Content\js\face-api.js\build\commonjs\classes\FaceLandmarks5.js.map
D:\PROYECTOS SOUL.inc\NotariaSunarp\NotariaMaria\NotariaMaria\Content\js\face-api.js\build\commonjs\classes\FaceLandmarks5.d.ts
D:\PROYECTOS SOUL.inc\NotariaSunarp\NotariaMaria\NotariaMaria\Content\js\face-api.js\build\commonjs\classes\FaceLandmarks68.js
D:\PROYECTOS SOUL.inc\NotariaSunarp\NotariaMaria\NotariaMaria\Content\js\face-api.js\build\commonjs\classes\FaceLandmarks68.js.map
D:\PROYECTOS SOUL.inc\NotariaSunarp\NotariaMaria\NotariaMaria\Content\js\face-api.js\build\commonjs\classes\FaceLandmarks68.d.ts
D:\PROYECTOS SOUL.inc\NotariaSunarp\NotariaMaria\NotariaMaria\Content\js\face-api.js\build\commonjs\classes\FaceMatch.js
D:\PROYECTOS SOUL.inc\NotariaSunarp\NotariaMaria\NotariaMaria\Content\js\face-api.js\build\commonjs\classes\FaceMatch.js.map
D:\PROYECTOS SOUL.inc\NotariaSunarp\NotariaMaria\NotariaMaria\Content\js\face-api.js\build\commonjs\classes\FaceMatch.d.ts
D:\PROYECTOS SOUL.inc\NotariaSunarp\NotariaMaria\NotariaMaria\Content\js\face-api.js\build\commonjs\classes\LabeledBox.js
D:\PROYECTOS SOUL.inc\NotariaSunarp\NotariaMaria\NotariaMaria\Content\js\face-api.js\build\commonjs\classes\LabeledBox.js.map
D:\PROYECTOS SOUL.inc\NotariaSunarp\NotariaMaria\NotariaMaria\Content\js\face-api.js\build\commonjs\classes\LabeledBox.d.ts
D:\PROYECTOS SOUL.inc\NotariaSunarp\NotariaMaria\NotariaMaria\Content\js\face-api.js\build\commonjs\classes\LabeledFaceDescriptors.js
D:\PROYECTOS SOUL.inc\NotariaSunarp\NotariaMaria\NotariaMaria\Content\js\face-api.js\build\commonjs\classes\LabeledFaceDescriptors.js.map
D:\PROYECTOS SOUL.inc\NotariaSunarp\NotariaMaria\NotariaMaria\Content\js\face-api.js\build\commonjs\classes\LabeledFaceDescriptors.d.ts
D:\PROYECTOS SOUL.inc\NotariaSunarp\NotariaMaria\NotariaMaria\Content\js\face-api.js\build\commonjs\classes\PredictedBox.js
D:\PROYECTOS SOUL.inc\NotariaSunarp\NotariaMaria\NotariaMaria\Content\js\face-api.js\build\commonjs\classes\PredictedBox.js.map
D:\PROYECTOS SOUL.inc\NotariaSunarp\NotariaMaria\NotariaMaria\Content\js\face-api.js\build\commonjs\classes\PredictedBox.d.ts
D:\PROYECTOS SOUL.inc\NotariaSunarp\NotariaMaria\NotariaMaria\Content\js\face-api.js\build\commonjs\classes\index.js
D:\PROYECTOS SOUL.inc\NotariaSunarp\NotariaMaria\NotariaMaria\Content\js\face-api.js\build\commonjs\classes\index.js.map
D:\PROYECTOS SOUL.inc\NotariaSunarp\NotariaMaria\NotariaMaria\Content\js\face-api.js\build\commonjs\classes\index.d.ts
D:\PROYECTOS SOUL.inc\NotariaSunarp\NotariaMaria\NotariaMaria\Content\js\face-api.js\build\commonjs\utils\index.js
D:\PROYECTOS SOUL.inc\NotariaSunarp\NotariaMaria\NotariaMaria\Content\js\face-api.js\build\commonjs\utils\index.js.map
D:\PROYECTOS SOUL.inc\NotariaSunarp\NotariaMaria\NotariaMaria\Content\js\face-api.js\build\commonjs\utils\index.d.ts
D:\PROYECTOS SOUL.inc\NotariaSunarp\NotariaMaria\NotariaMaria\Content\js\face-api.js\build\commonjs\common\extractWeightEntryFactory.js
D:\PROYECTOS SOUL.inc\NotariaSunarp\NotariaMaria\NotariaMaria\Content\js\face-api.js\build\commonjs\common\extractWeightEntryFactory.js.map
D:\PROYECTOS SOUL.inc\NotariaSunarp\NotariaMaria\NotariaMaria\Content\js\face-api.js\build\commonjs\common\extractWeightEntryFactory.d.ts
D:\PROYECTOS SOUL.inc\NotariaSunarp\NotariaMaria\NotariaMaria\Content\js\face-api.js\build\commonjs\common\extractWeightsFactory.js
D:\PROYECTOS SOUL.inc\NotariaSunarp\NotariaMaria\NotariaMaria\Content\js\face-api.js\build\commonjs\common\extractWeightsFactory.js.map
D:\PROYECTOS SOUL.inc\NotariaSunarp\NotariaMaria\NotariaMaria\Content\js\face-api.js\build\commonjs\common\extractWeightsFactory.d.ts
D:\PROYECTOS SOUL.inc\NotariaSunarp\NotariaMaria\NotariaMaria\Content\js\face-api.js\build\commonjs\common\getModelUris.js
D:\PROYECTOS SOUL.inc\NotariaSunarp\NotariaMaria\NotariaMaria\Content\js\face-api.js\build\commonjs\common\getModelUris.js.map
D:\PROYECTOS SOUL.inc\NotariaSunarp\NotariaMaria\NotariaMaria\Content\js\face-api.js\build\commonjs\common\getModelUris.d.ts
D:\PROYECTOS SOUL.inc\NotariaSunarp\NotariaMaria\NotariaMaria\Content\js\face-api.js\build\commonjs\common\index.js
D:\PROYECTOS SOUL.inc\NotariaSunarp\NotariaMaria\NotariaMaria\Content\js\face-api.js\build\commonjs\common\index.js.map
D:\PROYECTOS SOUL.inc\NotariaSunarp\NotariaMaria\NotariaMaria\Content\js\face-api.js\build\commonjs\common\index.d.ts
